<?xml version="1.0" encoding="UTF-8"?>
<!-- Generated by org.testng.reporters.JUnitReportReporter -->
<testsuite hostname="DESKTOP-1TK4TSS" failures="0" tests="1" name="brokenLinks.CaptureTheBrokenLinksOfWebPage3Test" time="37.846" errors="0" timestamp="2022-11-12T19:04:02 IST" skipped="0">
  <testcase classname="brokenLinks.CaptureTheBrokenLinksOfWebPage3Test" name="captureBrokenLinkTest" time="37.846"/>
  <system-out/>
</testsuite> <!-- brokenLinks.CaptureTheBrokenLinksOfWebPage3Test -->
