<?xml version="1.0" encoding="UTF-8"?>
<!-- Generated by org.testng.reporters.JUnitReportReporter -->
<testsuite hostname="DESKTOP-1TK4TSS" failures="0" tests="1" name="employeeDatabase.CreateTheDatabaseAndVerifyTheEname" time="4.935" errors="0" timestamp="2022-10-06T13:22:23 IST" skipped="0">
  <testcase classname="employeeDatabase.CreateTheDatabaseAndVerifyTheEname" name="createTable" time="4.935"/>
  <system-out/>
</testsuite> <!-- employeeDatabase.CreateTheDatabaseAndVerifyTheEname -->
