<?xml version="1.0" encoding="UTF-8"?>
<!-- Generated by org.testng.reporters.JUnitReportReporter -->
<testsuite hostname="DESKTOP-1TK4TSS" failures="0" tests="1" name="HandlingThePopUpTest1.HandlingTheMicPopUpTest" time="23.404" errors="0" timestamp="2022-11-03T10:36:56 IST" skipped="0">
  <testcase classname="HandlingThePopUpTest1.HandlingTheMicPopUpTest" name="micTestPopUp" time="23.404"/>
  <system-out/>
</testsuite> <!-- HandlingThePopUpTest1.HandlingTheMicPopUpTest -->
