<?xml version="1.0" encoding="UTF-8"?>
<!-- Generated by org.testng.reporters.JUnitReportReporter -->
<testsuite hostname="DESKTOP-1TK4TSS" failures="0" tests="1" name="scrollingWebPageTest.ScrollGoogleDoodleWebpageTest" time="92.266" errors="0" timestamp="2022-11-03T11:36:31 IST" skipped="0">
  <testcase classname="scrollingWebPageTest.ScrollGoogleDoodleWebpageTest" name="scrollWebPage" time="92.266"/>
  <system-out/>
</testsuite> <!-- scrollingWebPageTest.ScrollGoogleDoodleWebpageTest -->
